

############################
Wed Jul  1 16:55:13 EDT 2015
/usr/local/freesurfer/subjects/fsaverage/surf
/usr/local/freesurfer/tktools/tksurfer.bin fsaverage lh pial 
############################


############################
Wed Jul  1 17:09:35 EDT 2015
/usr/local/freesurfer/subjects/fsaverage/surf
/usr/local/freesurfer/tktools/tksurfer.bin fsaverage rh pial 
############################


############################
Thu Jul  2 16:37:01 EDT 2015
/usr/local/freesurfer/subjects/fsaverage/surf
/usr/local/freesurfer/tktools/tksurfer.bin fsaverage lh pial 
############################


############################
Mon Jul  6 16:39:42 EDT 2015
/usr/local/freesurfer/subjects/fsaverage/surf
/usr/local/freesurfer/tktools/tksurfer.bin fsaverage rh pial 
############################


############################
Mon Jul  6 17:58:20 EDT 2015
/usr/local/freesurfer/subjects/fsaverage/surf
/usr/local/freesurfer/tktools/tksurfer.bin fsaverage lh pial 
############################


############################
Mon Jul  6 18:18:40 EDT 2015
/usr/local/freesurfer/subjects/fsaverage/surf
/usr/local/freesurfer/tktools/tksurfer.bin fsaverage rh pial 
############################


############################
Mon Jul  6 18:37:25 EDT 2015
/usr/local/freesurfer/subjects/fsaverage/surf
/usr/local/freesurfer/tktools/tksurfer.bin fsaverage lh pial 
############################


############################
Tue Jul  7 15:54:46 EDT 2015
/usr/local/freesurfer/subjects/fsaverage/surf
/usr/local/freesurfer/tktools/tksurfer.bin fsaverage rh pial 
############################


############################
Wed Jul  8 12:06:34 EDT 2015
/usr/local/freesurfer/subjects/fsaverage/surf
/usr/local/freesurfer/tktools/tksurfer.bin fsaverage rh pial 
############################


############################
Wed Jul  8 12:32:00 EDT 2015
/usr/local/freesurfer/subjects/fsaverage/surf
/usr/local/freesurfer/tktools/tksurfer.bin fsaverage rh pial 
############################


############################
Thu Jul  9 11:24:13 EDT 2015
/usr/local/freesurfer/subjects/fsaverage/surf
/usr/local/freesurfer/tktools/tksurfer.bin fsaverage rh pial 
############################


############################
Thu Jul  9 15:15:55 EDT 2015
/usr/local/freesurfer/subjects/fsaverage/surf
/usr/local/freesurfer/tktools/tksurfer.bin fsaverage lh pial 
############################


############################
Thu Jul  9 15:19:37 EDT 2015
/usr/local/freesurfer/subjects/fsaverage/surf
/usr/local/freesurfer/tktools/tksurfer.bin fsaverage rh pial 
############################


############################
Fri Jul 10 15:01:38 EDT 2015
/usr/local/freesurfer/subjects/fsaverage/surf
/usr/local/freesurfer/tktools/tksurfer.bin fsaverage lh pial 
############################


############################
Fri Jul 10 18:01:02 EDT 2015
/usr/local/freesurfer/subjects/fsaverage/surf
/usr/local/freesurfer/tktools/tksurfer.bin fsaverage rh pial 
############################


############################
Mon Jul 13 13:27:18 EDT 2015
/usr/local/freesurfer/subjects/fsaverage/surf
/usr/local/freesurfer/tktools/tksurfer.bin fsaverage lh pial 
############################


############################
Tue Jul 14 16:22:40 EDT 2015
/usr/local/freesurfer/subjects/fsaverage/surf
/usr/local/freesurfer/tktools/tksurfer.bin fsaverage lh pial 
############################


############################
Tue Jul 14 16:51:32 EDT 2015
/usr/local/freesurfer/subjects/fsaverage/surf
/usr/local/freesurfer/tktools/tksurfer.bin fsaverage lh pial 
############################


############################
Wed Jul 15 12:11:01 EDT 2015
/usr/local/freesurfer/subjects/fsaverage/surf
/usr/local/freesurfer/tktools/tksurfer.bin fsaverage rh pial 
############################


############################
Wed Jul 15 19:52:03 EDT 2015
/usr/local/freesurfer/subjects/fsaverage/surf
/usr/local/freesurfer/tktools/tksurfer.bin fsaverage lh pial 
############################


############################
Thu Jul 16 14:12:38 EDT 2015
/usr/local/freesurfer/subjects/fsaverage/surf
/usr/local/freesurfer/tktools/tksurfer.bin fsaverage rh pial 
############################


############################
Thu Jul 16 16:41:40 EDT 2015
/usr/local/freesurfer/subjects/fsaverage/surf
/usr/local/freesurfer/tktools/tksurfer.bin fsaverage lh pial 
############################


############################
Thu Jul 16 16:55:15 EDT 2015
/usr/local/freesurfer/subjects/fsaverage/surf
/usr/local/freesurfer/tktools/tksurfer.bin fsaverage lh pial 
############################


############################
Thu Jul 16 17:19:16 EDT 2015
/usr/local/freesurfer/subjects/fsaverage/surf
/usr/local/freesurfer/tktools/tksurfer.bin fsaverage lh pial 
############################


############################
Fri Jul 17 15:33:52 EDT 2015
/usr/local/freesurfer/subjects/fsaverage/surf
/usr/local/freesurfer/tktools/tksurfer.bin fsaverage rh pial 
############################


############################
Fri Jul 17 18:43:28 EDT 2015
/usr/local/freesurfer/subjects/fsaverage/surf
/usr/local/freesurfer/tktools/tksurfer.bin fsaverage lh pial 
############################


############################
Mon Jul 20 12:28:09 EDT 2015
/usr/local/freesurfer/subjects/fsaverage/surf
/usr/local/freesurfer/tktools/tksurfer.bin fsaverage lh pial 
############################


############################
Tue Jul 21 16:43:54 EDT 2015
/usr/local/freesurfer/subjects/fsaverage/surf
/usr/local/freesurfer/tktools/tksurfer.bin fsaverage rh pial 
############################


############################
Wed Jul 22 10:52:47 EDT 2015
/usr/local/freesurfer/subjects/fsaverage/surf
/usr/local/freesurfer/tktools/tksurfer.bin fsaverage lh pial 
############################


############################
Wed Jul 22 19:05:03 EDT 2015
/usr/local/freesurfer/subjects/fsaverage/surf
/usr/local/freesurfer/tktools/tksurfer.bin fsaverage lh pial 
############################


############################
Wed Jul 22 19:32:39 EDT 2015
/usr/local/freesurfer/subjects/fsaverage/surf
/usr/local/freesurfer/tktools/tksurfer.bin fsaverage lh pial 
############################


############################
Thu Jul 23 16:24:44 EDT 2015
/usr/local/freesurfer/subjects/fsaverage/surf
/usr/local/freesurfer/tktools/tksurfer.bin fsaverage rh pial 
############################


############################
Thu Jul 23 16:45:25 EDT 2015
/usr/local/freesurfer/subjects/fsaverage/surf
/usr/local/freesurfer/tktools/tksurfer.bin fsaverage rh pial 
############################


############################
Fri Jul 24 13:00:08 EDT 2015
/usr/local/freesurfer/subjects/fsaverage/surf
/usr/local/freesurfer/tktools/tksurfer.bin fsaverage rh pial 
############################


############################
Fri Jul 24 15:26:15 EDT 2015
/usr/local/freesurfer/subjects/fsaverage/surf
/usr/local/freesurfer/tktools/tksurfer.bin fsaverage rh pial 
############################


############################
Mon Jul 27 17:05:16 EDT 2015
/usr/local/freesurfer/subjects/fsaverage/surf
/usr/local/freesurfer/tktools/tksurfer.bin fsaverage lh pial 
############################


############################
Mon Jul 27 18:08:54 EDT 2015
/usr/local/freesurfer/subjects/fsaverage/surf
/usr/local/freesurfer/tktools/tksurfer.bin fsaverage lh pial 
############################


############################
Tue Jul 28 17:21:22 EDT 2015
/usr/local/freesurfer/subjects/fsaverage/surf
/usr/local/freesurfer/tktools/tksurfer.bin fsaverage lh pial 
############################


############################
Tue Jul 28 17:34:46 EDT 2015
/usr/local/freesurfer/subjects/fsaverage/surf
/usr/local/freesurfer/tktools/tksurfer.bin fsaverage lh pial 
############################


############################
Tue Jul 28 23:39:19 EDT 2015
/usr/local/freesurfer/subjects/fsaverage/surf
/usr/local/freesurfer/tktools/tksurfer.bin fsaverage lh pial 
############################


############################
Wed Jul 29 17:59:04 EDT 2015
/usr/local/freesurfer/subjects/fsaverage/surf
/usr/local/freesurfer/tktools/tksurfer.bin fsaverage rh pial 
############################


############################
Wed Jul 29 18:13:03 EDT 2015
/usr/local/freesurfer/subjects/fsaverage/surf
/usr/local/freesurfer/tktools/tksurfer.bin fsaverage lh pial 
############################


############################
Thu Jul 30 17:39:07 EDT 2015
/usr/local/freesurfer/subjects/fsaverage/surf
/usr/local/freesurfer/tktools/tksurfer.bin fsaverage rh pial 
############################


############################
Fri Jul 31 10:19:58 EDT 2015
/usr/local/freesurfer/subjects/fsaverage/surf
/usr/local/freesurfer/tktools/tksurfer.bin fsaverage rh pial 
############################


############################
Fri Jul 31 10:34:32 EDT 2015
/usr/local/freesurfer/subjects/fsaverage/surf
/usr/local/freesurfer/tktools/tksurfer.bin fsaverage lh pial 
############################


############################
Fri Jul 31 11:05:19 EDT 2015
/usr/local/freesurfer/subjects/fsaverage/surf
/usr/local/freesurfer/tktools/tksurfer.bin fsaverage rh pial 
############################


############################
Fri Jul 31 11:11:33 EDT 2015
/usr/local/freesurfer/subjects/fsaverage/surf
/usr/local/freesurfer/tktools/tksurfer.bin fsaverage lh pial 
############################


############################
Mon Aug  3 18:21:23 EDT 2015
/usr/local/freesurfer/subjects/fsaverage/surf
/usr/local/freesurfer/tktools/tksurfer.bin fsaverage lh pial 
############################


############################
Mon Aug  3 18:33:15 EDT 2015
/usr/local/freesurfer/subjects/fsaverage/surf
/usr/local/freesurfer/tktools/tksurfer.bin fsaverage lh pial 
############################


############################
Mon Aug  3 18:44:31 EDT 2015
/usr/local/freesurfer/subjects/fsaverage/surf
/usr/local/freesurfer/tktools/tksurfer.bin fsaverage lh pial 
############################


############################
Tue Aug  4 17:38:29 EDT 2015
/usr/local/freesurfer/subjects/fsaverage/surf
/usr/local/freesurfer/tktools/tksurfer.bin fsaverage rh pial 
############################


############################
Tue Aug  4 17:49:21 EDT 2015
/usr/local/freesurfer/subjects/fsaverage/surf
/usr/local/freesurfer/tktools/tksurfer.bin fsaverage rh pial 
############################


############################
Tue Aug  4 17:52:05 EDT 2015
/usr/local/freesurfer/subjects/fsaverage/surf
/usr/local/freesurfer/tktools/tksurfer.bin fsaverage lh pial 
############################


############################
Tue Aug  4 17:54:20 EDT 2015
/usr/local/freesurfer/subjects/fsaverage/surf
/usr/local/freesurfer/tktools/tksurfer.bin fsaverage rh pial 
############################


############################
Tue Aug  4 18:06:00 EDT 2015
/usr/local/freesurfer/subjects/fsaverage/surf
/usr/local/freesurfer/tktools/tksurfer.bin fsaverage lh pial 
############################


############################
Tue Aug  4 18:08:37 EDT 2015
/usr/local/freesurfer/subjects/fsaverage/surf
/usr/local/freesurfer/tktools/tksurfer.bin fsaverage lh pial 
############################


############################
Tue Aug  4 18:21:58 EDT 2015
/usr/local/freesurfer/subjects/fsaverage/surf
/usr/local/freesurfer/tktools/tksurfer.bin fsaverage rh pial 
############################


############################
Wed Aug  5 16:24:31 EDT 2015
/usr/local/freesurfer/subjects/fsaverage/surf
/usr/local/freesurfer/tktools/tksurfer.bin fsaverage rh pial 
############################


############################
Wed Aug  5 16:35:24 EDT 2015
/usr/local/freesurfer/subjects/fsaverage/surf
/usr/local/freesurfer/tktools/tksurfer.bin fsaverage lh pial 
############################


############################
Wed Aug  5 16:55:09 EDT 2015
/usr/local/freesurfer/subjects/fsaverage/surf
/usr/local/freesurfer/tktools/tksurfer.bin fsaverage rh pial 
############################


############################
Wed Aug  5 17:08:08 EDT 2015
/usr/local/freesurfer/subjects/fsaverage/surf
/usr/local/freesurfer/tktools/tksurfer.bin fsaverage lh pial 
############################


############################
Wed Aug  5 17:11:20 EDT 2015
/usr/local/freesurfer/subjects/fsaverage/surf
/usr/local/freesurfer/tktools/tksurfer.bin fsaverage rh pial 
############################


############################
Thu Aug  6 17:03:40 EDT 2015
/usr/local/freesurfer/subjects/fsaverage/surf
/usr/local/freesurfer/tktools/tksurfer.bin fsaverage rh pial 
############################


############################
Tue Aug 11 11:10:08 EDT 2015
/usr/local/freesurfer/subjects/fsaverage/surf
/usr/local/freesurfer/tktools/tksurfer.bin fsaverage rh pial 
############################


############################
Tue Aug 11 11:23:22 EDT 2015
/usr/local/freesurfer/subjects/fsaverage/surf
/usr/local/freesurfer/tktools/tksurfer.bin fsaverage lh pial 
############################


############################
Tue Aug 11 11:33:40 EDT 2015
/usr/local/freesurfer/subjects/fsaverage/surf
/usr/local/freesurfer/tktools/tksurfer.bin fsaverage lh pial 
############################


############################
Tue Aug 11 11:34:40 EDT 2015
/usr/local/freesurfer/subjects/fsaverage/surf
/usr/local/freesurfer/tktools/tksurfer.bin fsaverage rh pial 
############################


############################
Tue Aug 11 11:38:20 EDT 2015
/usr/local/freesurfer/subjects/fsaverage/surf
/usr/local/freesurfer/tktools/tksurfer.bin fsaverage lh pial 
############################


############################
Tue Aug 11 11:51:36 EDT 2015
/usr/local/freesurfer/subjects/fsaverage/surf
/usr/local/freesurfer/tktools/tksurfer.bin fsaverage rh pial 
############################


############################
Tue Aug 11 15:22:37 EDT 2015
/usr/local/freesurfer/subjects/fsaverage/surf
/usr/local/freesurfer/tktools/tksurfer.bin fsaverage rh pial 
############################


############################
Tue Aug 11 15:27:03 EDT 2015
/usr/local/freesurfer/subjects/fsaverage/surf
/usr/local/freesurfer/tktools/tksurfer.bin fsaverage lh pial 
############################


############################
Tue Aug 11 17:24:31 EDT 2015
/usr/local/freesurfer/subjects/fsaverage/surf
/usr/local/freesurfer/tktools/tksurfer.bin fsaverage rh pial 
############################


############################
Thu Aug 13 10:21:40 EDT 2015
/usr/local/freesurfer/subjects/fsaverage/surf
/usr/local/freesurfer/tktools/tksurfer.bin fsaverage lh pial 
############################


############################
Thu Aug 13 11:42:00 EDT 2015
/usr/local/freesurfer/subjects/fsaverage/surf
/usr/local/freesurfer/tktools/tksurfer.bin fsaverage lh pial 
############################


############################
Thu Aug 13 14:36:32 EDT 2015
/usr/local/freesurfer/subjects/fsaverage/surf
/usr/local/freesurfer/tktools/tksurfer.bin fsaverage lh pial 
############################


############################
Thu Aug 13 15:47:40 EDT 2015
/usr/local/freesurfer/subjects/fsaverage/surf
/usr/local/freesurfer/tktools/tksurfer.bin fsaverage lh pial 
############################


############################
Thu Aug 13 15:56:20 EDT 2015
/usr/local/freesurfer/subjects/fsaverage/surf
/usr/local/freesurfer/tktools/tksurfer.bin fsaverage lh pial 
############################


############################
Thu Aug 13 16:09:15 EDT 2015
/usr/local/freesurfer/subjects/fsaverage/surf
/usr/local/freesurfer/tktools/tksurfer.bin fsaverage rh pial 
############################


############################
Thu Aug 13 16:14:01 EDT 2015
/usr/local/freesurfer/subjects/fsaverage/surf
/usr/local/freesurfer/tktools/tksurfer.bin fsaverage rh pial 
############################


############################
Thu Aug 13 16:23:39 EDT 2015
/usr/local/freesurfer/subjects/fsaverage/surf
/usr/local/freesurfer/tktools/tksurfer.bin fsaverage rh pial 
############################


############################
Thu Aug 13 16:24:32 EDT 2015
/usr/local/freesurfer/subjects/fsaverage/surf
/usr/local/freesurfer/tktools/tksurfer.bin fsaverage rh pial 
############################


############################
Thu Aug 13 16:49:14 EDT 2015
/usr/local/freesurfer/subjects/fsaverage/surf
/usr/local/freesurfer/tktools/tksurfer.bin fsaverage rh pial 
############################


############################
Thu Aug 13 16:58:19 EDT 2015
/usr/local/freesurfer/subjects/fsaverage/surf
/usr/local/freesurfer/tktools/tksurfer.bin fsaverage lh pial 
############################


############################
Fri Aug 14 16:49:31 EDT 2015
/usr/local/freesurfer/subjects/fsaverage/surf
/usr/local/freesurfer/tktools/tksurfer.bin fsaverage lh pial 
############################


############################
Fri Aug 14 17:09:44 EDT 2015
/usr/local/freesurfer/subjects/fsaverage/surf
/usr/local/freesurfer/tktools/tksurfer.bin fsaverage rh pial 
############################


############################
Fri Aug 14 17:12:31 EDT 2015
/usr/local/freesurfer/subjects/fsaverage/surf
/usr/local/freesurfer/tktools/tksurfer.bin fsaverage lh pial 
############################


############################
Fri Aug 14 19:01:15 EDT 2015
/usr/local/freesurfer/subjects/fsaverage/surf
/usr/local/freesurfer/tktools/tksurfer.bin fsaverage lh pial 
############################


############################
Fri Aug 14 19:02:01 EDT 2015
/usr/local/freesurfer/subjects/fsaverage/surf
/usr/local/freesurfer/tktools/tksurfer.bin fsaverage rh pial 
############################


############################
Mon Aug 17 10:58:19 EDT 2015
/usr/local/freesurfer/subjects/fsaverage/surf
/usr/local/freesurfer/tktools/tksurfer.bin fsaverage lh pial 
############################


############################
Mon Aug 17 11:10:19 EDT 2015
/usr/local/freesurfer/subjects/fsaverage/surf
/usr/local/freesurfer/tktools/tksurfer.bin fsaverage rh pial 
############################


############################
Mon Aug 17 17:27:57 EDT 2015
/usr/local/freesurfer/subjects/fsaverage/surf
/usr/local/freesurfer/tktools/tksurfer.bin fsaverage lh pial 
############################


############################
Mon Aug 17 17:40:00 EDT 2015
/usr/local/freesurfer/subjects/fsaverage/surf
/usr/local/freesurfer/tktools/tksurfer.bin fsaverage rh pial 
############################


############################
Tue Aug 18 18:08:46 EDT 2015
/usr/local/freesurfer/subjects/fsaverage/surf
/usr/local/freesurfer/tktools/tksurfer.bin fsaverage lh pial 
############################


############################
Tue Aug 18 18:21:04 EDT 2015
/usr/local/freesurfer/subjects/fsaverage/surf
/usr/local/freesurfer/tktools/tksurfer.bin fsaverage lh pial 
############################


############################
Tue Aug 18 18:29:05 EDT 2015
/usr/local/freesurfer/subjects/fsaverage/surf
/usr/local/freesurfer/tktools/tksurfer.bin fsaverage lh pial 
############################


############################
Tue Aug 18 18:30:40 EDT 2015
/usr/local/freesurfer/subjects/fsaverage/surf
/usr/local/freesurfer/tktools/tksurfer.bin fsaverage lh pial 
############################


############################
Tue Aug 18 18:32:25 EDT 2015
/usr/local/freesurfer/subjects/fsaverage/surf
/usr/local/freesurfer/tktools/tksurfer.bin fsaverage lh pial 
############################


############################
Tue Aug 18 18:43:40 EDT 2015
/usr/local/freesurfer/subjects/fsaverage/surf
/usr/local/freesurfer/tktools/tksurfer.bin fsaverage rh pial 
############################


############################
Thu Aug 20 16:32:16 EDT 2015
/usr/local/freesurfer/subjects/fsaverage/surf
/usr/local/freesurfer/tktools/tksurfer.bin fsaverage lh pial 
############################


############################
Thu Aug 20 16:48:51 EDT 2015
/usr/local/freesurfer/subjects/fsaverage/surf
/usr/local/freesurfer/tktools/tksurfer.bin fsaverage rh pial 
############################


############################
Thu Aug 20 17:07:48 EDT 2015
/usr/local/freesurfer/subjects/fsaverage/surf
/usr/local/freesurfer/tktools/tksurfer.bin fsaverage rh pial 
############################


############################
Fri Aug 21 16:38:10 EDT 2015
/usr/local/freesurfer/subjects/fsaverage/surf
/usr/local/freesurfer/tktools/tksurfer.bin fsaverage lh pial 
############################


############################
Fri Aug 21 16:40:56 EDT 2015
/usr/local/freesurfer/subjects/fsaverage/surf
/usr/local/freesurfer/tktools/tksurfer.bin fsaverage rh pial 
############################


############################
Fri Aug 21 16:53:33 EDT 2015
/usr/local/freesurfer/subjects/fsaverage/surf
/usr/local/freesurfer/tktools/tksurfer.bin fsaverage lh pial 
############################


############################
Tue Aug 25 15:33:46 EDT 2015
/usr/local/freesurfer/subjects/fsaverage/surf
/usr/local/freesurfer/tktools/tksurfer.bin fsaverage rh pial 
############################


############################
Tue Aug 25 15:38:26 EDT 2015
/usr/local/freesurfer/subjects/fsaverage/surf
/usr/local/freesurfer/tktools/tksurfer.bin fsaverage rh pial 
############################


############################
Tue Aug 25 15:59:31 EDT 2015
/usr/local/freesurfer/subjects/fsaverage/surf
/usr/local/freesurfer/tktools/tksurfer.bin fsaverage lh pial 
############################


############################
Tue Aug 25 16:16:25 EDT 2015
/usr/local/freesurfer/subjects/fsaverage/surf
/usr/local/freesurfer/tktools/tksurfer.bin fsaverage lh pial 
############################


############################
Tue Aug 25 16:18:52 EDT 2015
/usr/local/freesurfer/subjects/fsaverage/surf
/usr/local/freesurfer/tktools/tksurfer.bin fsaverage lh pial 
############################


############################
Tue Aug 25 16:33:50 EDT 2015
/usr/local/freesurfer/subjects/fsaverage/surf
/usr/local/freesurfer/tktools/tksurfer.bin fsaverage rh pial 
############################


############################
Tue Aug 25 16:58:56 EDT 2015
/usr/local/freesurfer/subjects/fsaverage/surf
/usr/local/freesurfer/tktools/tksurfer.bin fsaverage lh pial 
############################


############################
Thu Aug 27 15:56:11 EDT 2015
/usr/local/freesurfer/subjects/fsaverage/surf
/usr/local/freesurfer/tktools/tksurfer.bin fsaverage lh pial 
############################


############################
Thu Aug 27 16:09:58 EDT 2015
/usr/local/freesurfer/subjects/fsaverage/surf
/usr/local/freesurfer/tktools/tksurfer.bin fsaverage rh pial 
############################


############################
Thu Aug 27 16:14:16 EDT 2015
/usr/local/freesurfer/subjects/fsaverage/surf
/usr/local/freesurfer/tktools/tksurfer.bin fsaverage lh pial 
############################


############################
Thu Aug 27 16:27:57 EDT 2015
/usr/local/freesurfer/subjects/fsaverage/surf
/usr/local/freesurfer/tktools/tksurfer.bin fsaverage rh pial 
############################


############################
Fri Aug 28 17:39:18 EDT 2015
/usr/local/freesurfer/subjects/fsaverage/surf
/usr/local/freesurfer/tktools/tksurfer.bin fsaverage lh pial 
############################


############################
Fri Aug 28 17:50:55 EDT 2015
/usr/local/freesurfer/subjects/fsaverage/surf
/usr/local/freesurfer/tktools/tksurfer.bin fsaverage rh pial 
############################


############################
Wed Sep  2 17:12:03 EDT 2015
/usr/local/freesurfer/subjects/fsaverage/surf
/usr/local/freesurfer/tktools/tksurfer.bin fsaverage rh pial 
############################


############################
Wed Sep  2 17:28:26 EDT 2015
/usr/local/freesurfer/subjects/fsaverage/surf
/usr/local/freesurfer/tktools/tksurfer.bin fsaverage lh pial 
############################


############################
Wed Sep  2 17:38:02 EDT 2015
/usr/local/freesurfer/subjects/fsaverage/surf
/usr/local/freesurfer/tktools/tksurfer.bin fsaverage lh pial 
############################


############################
Wed Sep  2 17:41:28 EDT 2015
/usr/local/freesurfer/subjects/fsaverage/surf
/usr/local/freesurfer/tktools/tksurfer.bin fsaverage rh pial 
############################


############################
Wed Sep  2 17:53:34 EDT 2015
/usr/local/freesurfer/subjects/fsaverage/surf
/usr/local/freesurfer/tktools/tksurfer.bin fsaverage lh pial 
############################


############################
Thu Sep  3 16:15:41 EDT 2015
/usr/local/freesurfer/subjects/fsaverage/surf
/usr/local/freesurfer/tktools/tksurfer.bin fsaverage lh pial 
############################


############################
Thu Sep  3 16:28:01 EDT 2015
/usr/local/freesurfer/subjects/fsaverage/surf
/usr/local/freesurfer/tktools/tksurfer.bin fsaverage lh pial 
############################


############################
Thu Sep  3 16:42:01 EDT 2015
/usr/local/freesurfer/subjects/fsaverage/surf
/usr/local/freesurfer/tktools/tksurfer.bin fsaverage lh pial 
############################


############################
Fri Sep  4 17:44:46 EDT 2015
/usr/local/freesurfer/subjects/fsaverage/surf
/usr/local/freesurfer/tktools/tksurfer.bin fsaverage rh pial 
############################


############################
Fri Sep  4 17:55:33 EDT 2015
/usr/local/freesurfer/subjects/fsaverage/surf
/usr/local/freesurfer/tktools/tksurfer.bin fsaverage rh pial 
############################


############################
Fri Sep  4 18:07:09 EDT 2015
/usr/local/freesurfer/subjects/fsaverage/surf
/usr/local/freesurfer/tktools/tksurfer.bin fsaverage rh pial 
############################


############################
Wed Sep 16 13:36:42 EDT 2015
/usr/local/freesurfer/subjects/fsaverage/surf
/usr/local/freesurfer/tktools/tksurfer.bin fsaverage rh pial 
############################


############################
Wed Sep 16 13:37:12 EDT 2015
/usr/local/freesurfer/subjects/fsaverage/surf
/usr/local/freesurfer/tktools/tksurfer.bin fsaverage rh pial 
############################


############################
Wed Sep 16 18:54:34 EDT 2015
/usr/local/freesurfer/subjects/fsaverage/surf
/usr/local/freesurfer/tktools/tksurfer.bin fsaverage lh pial 
############################
